<?xml version="1.0" encoding="UTF-8"?>
<!-- Generated by org.testng.reporters.JUnitReportReporter -->
<testsuite skipped="0" hostname="Lenovo-NuR" name="ApiTesting.com.org.api.AppTest" tests="1" failures="0" timestamp="04 Aug 2017 05:50:53 GMT" time="2.001" errors="0">
  <testcase name="test_06" time="2.001" classname="ApiTesting.com.org.api.AppTest"/>
</testsuite> <!-- ApiTesting.com.org.api.AppTest -->
