<?xml version="1.0" encoding="UTF-8"?>
<!-- Generated by org.testng.reporters.JUnitReportReporter -->
<testsuite skipped="0" hostname="Lenovo-NuR" name="ApiTesting.com.org.api.AppTest" tests="1" failures="0" timestamp="09 Aug 2017 04:04:29 GMT" time="2.150" errors="0">
  <testcase name="test_09" time="2.150" classname="ApiTesting.com.org.api.AppTest"/>
</testsuite> <!-- ApiTesting.com.org.api.AppTest -->
